<?xml version="1.0" encoding="UTF-8"?>
<testng-results ignored="0" total="1" passed="1" failed="0" skipped="0">
  <reporter-output>
  </reporter-output>
  <suite started-at="2022-01-01T14:24:06Z" name="Devops" finished-at="2022-01-01T14:24:20Z" duration-ms="14271">
    <groups>
      <group name="cucumber">
        <method signature="AbstractTestNGCucumberTests.runScenario(io.cucumber.testng.PickleWrapper, io.cucumber.testng.FeatureWrapper)[pri:0, instance:parallel.ParallelRunTestNG2$PositiveTest@2a32de6c]" name="runScenario" class="io.cucumber.testng.AbstractTestNGCucumberTests"/>
      </group> <!-- cucumber -->
    </groups>
    <test started-at="2022-01-01T14:24:06Z" name="Validating Login Page- BDD2" finished-at="2022-01-01T14:24:20Z" duration-ms="14271">
      <class name="parallel.ParallelRunTestNG2$PositiveTest">
        <test-method is-config="true" signature="setUpClass()[pri:0, instance:parallel.ParallelRunTestNG2$PositiveTest@2a32de6c]" started-at="2022-01-01T14:24:06Z" name="setUpClass" finished-at="2022-01-01T14:24:06Z" duration-ms="497" status="PASS">
          <reporter-output>
          </reporter-output>
        </test-method> <!-- setUpClass -->
        <test-method is-config="true" signature="launchBrowser2(java.lang.String)[pri:0, instance:parallel.ParallelRunTestNG2$PositiveTest@2a32de6c]" started-at="2022-01-01T14:24:06Z" name="launchBrowser2" finished-at="2022-01-01T14:24:06Z" duration-ms="2" status="PASS">
          <params>
            <param index="0">
              <value>
                <![CDATA[edge]]>
              </value>
            </param>
          </params>
          <reporter-output>
          </reporter-output>
        </test-method> <!-- launchBrowser2 -->
        <test-method signature="runScenario(io.cucumber.testng.PickleWrapper, io.cucumber.testng.FeatureWrapper)[pri:0, instance:parallel.ParallelRunTestNG2$PositiveTest@2a32de6c]" started-at="2022-01-01T14:24:06Z" name="runScenario" description="Runs Cucumber Scenarios" data-provider="scenarios" finished-at="2022-01-01T14:24:18Z" duration-ms="12006" status="PASS">
          <params>
            <param index="0">
              <value>
                <![CDATA["Validate Price email login"]]>
              </value>
            </param>
            <param index="1">
              <value>
                <![CDATA["Optional[Accepetance testing to validate email login and logout]"]]>
              </value>
            </param>
          </params>
          <reporter-output>
          </reporter-output>
        </test-method> <!-- runScenario -->
        <test-method is-config="true" signature="tearDownClass()[pri:0, instance:parallel.ParallelRunTestNG2$PositiveTest@2a32de6c]" started-at="2022-01-01T14:24:18Z" name="tearDownClass" finished-at="2022-01-01T14:24:20Z" duration-ms="1742" status="PASS">
          <reporter-output>
          </reporter-output>
        </test-method> <!-- tearDownClass -->
      </class> <!-- parallel.ParallelRunTestNG2$PositiveTest -->
    </test> <!-- Validating Login Page- BDD2 -->
  </suite> <!-- Devops -->
</testng-results>
