<?xml version="1.0" encoding="UTF-8"?>
<testng-results ignored="0" total="4" passed="4" failed="0" skipped="0">
  <reporter-output>
  </reporter-output>
  <suite started-at="2022-01-01T14:34:50Z" name="Default suite" finished-at="2022-01-01T14:35:11Z" duration-ms="21324">
    <groups>
      <group name="cucumber">
        <method signature="AbstractTestNGCucumberTests.runScenario(io.cucumber.testng.PickleWrapper, io.cucumber.testng.FeatureWrapper)[pri:0, instance:parallel.ParallelRun$PositiveTest@58e1d9d]" name="runScenario" class="io.cucumber.testng.AbstractTestNGCucumberTests"/>
      </group> <!-- cucumber -->
    </groups>
    <test started-at="2022-01-01T14:34:50Z" name="Default test" finished-at="2022-01-01T14:35:11Z" duration-ms="21324">
      <class name="parallel.ParallelRun$PositiveTest">
        <test-method is-config="true" signature="setUpClass()[pri:0, instance:parallel.ParallelRun$PositiveTest@58e1d9d]" started-at="2022-01-01T14:34:50Z" name="setUpClass" finished-at="2022-01-01T14:34:50Z" duration-ms="644" status="PASS">
          <reporter-output>
          </reporter-output>
        </test-method> <!-- setUpClass -->
        <test-method signature="runScenario(io.cucumber.testng.PickleWrapper, io.cucumber.testng.FeatureWrapper)[pri:0, instance:parallel.ParallelRun$PositiveTest@58e1d9d]" started-at="2022-01-01T14:34:50Z" name="runScenario" description="Runs Cucumber Scenarios" data-provider="scenarios" finished-at="2022-01-01T14:35:04Z" duration-ms="13851" status="PASS">
          <params>
            <param index="0">
              <value>
                <![CDATA["List all valid links in the page"]]>
              </value>
            </param>
            <param index="1">
              <value>
                <![CDATA["Optional[Acceptance testing to validate Pagination is working.]"]]>
              </value>
            </param>
          </params>
          <reporter-output>
          </reporter-output>
        </test-method> <!-- runScenario -->
        <test-method signature="runScenario(io.cucumber.testng.PickleWrapper, io.cucumber.testng.FeatureWrapper)[pri:0, instance:parallel.ParallelRun$PositiveTest@58e1d9d]" started-at="2022-01-01T14:34:50Z" name="runScenario" description="Runs Cucumber Scenarios" data-provider="scenarios" finished-at="2022-01-01T14:35:09Z" duration-ms="18806" status="PASS">
          <params>
            <param index="0">
              <value>
                <![CDATA["Validate Price email login"]]>
              </value>
            </param>
            <param index="1">
              <value>
                <![CDATA["Optional[Accepetance testing to validate email login and logout]"]]>
              </value>
            </param>
          </params>
          <reporter-output>
          </reporter-output>
        </test-method> <!-- runScenario -->
        <test-method signature="runScenario(io.cucumber.testng.PickleWrapper, io.cucumber.testng.FeatureWrapper)[pri:0, instance:parallel.ParallelRun$PositiveTest@58e1d9d]" started-at="2022-01-01T14:34:50Z" name="runScenario" description="Runs Cucumber Scenarios" data-provider="scenarios" finished-at="2022-01-01T14:35:03Z" duration-ms="12407" status="PASS">
          <params>
            <param index="0">
              <value>
                <![CDATA["Validate web table pagination"]]>
              </value>
            </param>
            <param index="1">
              <value>
                <![CDATA["Optional[Acceptance testing to validate Pagination is working.]"]]>
              </value>
            </param>
          </params>
          <reporter-output>
          </reporter-output>
        </test-method> <!-- runScenario -->
        <test-method signature="runScenario(io.cucumber.testng.PickleWrapper, io.cucumber.testng.FeatureWrapper)[pri:0, instance:parallel.ParallelRun$PositiveTest@58e1d9d]" started-at="2022-01-01T14:34:50Z" name="runScenario" description="Runs Cucumber Scenarios" data-provider="scenarios" finished-at="2022-01-01T14:35:03Z" duration-ms="12481" status="PASS">
          <params>
            <param index="0">
              <value>
                <![CDATA["Validate webtable sorting"]]>
              </value>
            </param>
            <param index="1">
              <value>
                <![CDATA["Optional[Acceptance testing to validate Pagination is working.]"]]>
              </value>
            </param>
          </params>
          <reporter-output>
          </reporter-output>
        </test-method> <!-- runScenario -->
        <test-method is-config="true" signature="tearDownClass()[pri:0, instance:parallel.ParallelRun$PositiveTest@58e1d9d]" started-at="2022-01-01T14:35:09Z" name="tearDownClass" finished-at="2022-01-01T14:35:11Z" duration-ms="1848" status="PASS">
          <reporter-output>
          </reporter-output>
        </test-method> <!-- tearDownClass -->
      </class> <!-- parallel.ParallelRun$PositiveTest -->
    </test> <!-- Default test -->
  </suite> <!-- Default suite -->
</testng-results>
